<?xml version="1.0" encoding="UTF-8"?>
<!-- Generated by org.testng.reporters.JUnitReportReporter -->
<testsuite skipped="0" hostname="ROG" name="com.appium.test.Demo_NotificationApp" tests="1" failures="0" timestamp="2020-05-15T09:22:27 IST" time="32.859" errors="0">
  <testcase name="tc_NotificationApptest2" time="32.859" classname="com.appium.test.Demo_NotificationApp"/>
  <system-out/>
</testsuite> <!-- com.appium.test.Demo_NotificationApp -->
